2024-11-01 20:57:16,925:WARNING:
'cuml' is a soft dependency and not included in the pycaret installation. Please run: `pip install cuml` to install.
2024-11-01 20:57:16,925:WARNING:
'cuml' is a soft dependency and not included in the pycaret installation. Please run: `pip install cuml` to install.
2024-11-01 20:57:16,925:WARNING:
'cuml' is a soft dependency and not included in the pycaret installation. Please run: `pip install cuml` to install.
2024-11-01 20:57:16,925:WARNING:
'cuml' is a soft dependency and not included in the pycaret installation. Please run: `pip install cuml` to install.
2024-11-01 20:57:17,236:INFO:PyCaret RegressionExperiment
2024-11-01 20:57:17,236:INFO:Logging name: reg-default-name
2024-11-01 20:57:17,238:INFO:ML Usecase: MLUsecase.REGRESSION
2024-11-01 20:57:17,238:INFO:version 3.3.2
2024-11-01 20:57:17,238:INFO:Initializing setup()
2024-11-01 20:57:17,238:INFO:self.USI: 5c6b
2024-11-01 20:57:17,238:INFO:self._variable_keys: {'memory', 'transform_target_param', '_available_plots', 'fold_generator', 'X', 'y_train', 'target_param', 'y', 'html_param', 'X_test', 'y_test', 'exp_name_log', 'log_plots_param', 'exp_id', 'seed', 'pipeline', 'logging_param', 'data', 'gpu_param', 'idx', 'fold_shuffle_param', 'gpu_n_jobs_param', 'USI', 'fold_groups_param', '_ml_usecase', 'X_train', 'n_jobs_param'}
2024-11-01 20:57:17,238:INFO:Checking environment
2024-11-01 20:57:17,238:INFO:python_version: 3.11.5
2024-11-01 20:57:17,238:INFO:python_build: ('main', 'Sep 11 2023 13:26:23')
2024-11-01 20:57:17,238:INFO:machine: AMD64
2024-11-01 20:57:17,238:INFO:platform: Windows-10-10.0.22631-SP0
2024-11-01 20:57:17,244:INFO:Memory: svmem(total=16940265472, available=3044372480, percent=82.0, used=13895892992, free=3044372480)
2024-11-01 20:57:17,244:INFO:Physical Core: 10
2024-11-01 20:57:17,244:INFO:Logical Core: 16
2024-11-01 20:57:17,244:INFO:Checking libraries
2024-11-01 20:57:17,244:INFO:System:
2024-11-01 20:57:17,244:INFO:    python: 3.11.5 | packaged by Anaconda, Inc. | (main, Sep 11 2023, 13:26:23) [MSC v.1916 64 bit (AMD64)]
2024-11-01 20:57:17,244:INFO:executable: c:\ProgramData\anaconda3\python.exe
2024-11-01 20:57:17,244:INFO:   machine: Windows-10-10.0.22631-SP0
2024-11-01 20:57:17,244:INFO:PyCaret required dependencies:
2024-11-01 20:57:18,175:INFO:                 pip: 23.2.1
2024-11-01 20:57:18,175:INFO:          setuptools: 68.0.0
2024-11-01 20:57:18,175:INFO:             pycaret: 3.3.2
2024-11-01 20:57:18,175:INFO:             IPython: 8.15.0
2024-11-01 20:57:18,175:INFO:          ipywidgets: 8.0.4
2024-11-01 20:57:18,175:INFO:                tqdm: 4.65.0
2024-11-01 20:57:18,175:INFO:               numpy: 1.24.3
2024-11-01 20:57:18,175:INFO:              pandas: 2.0.3
2024-11-01 20:57:18,175:INFO:              jinja2: 3.1.2
2024-11-01 20:57:18,175:INFO:               scipy: 1.11.1
2024-11-01 20:57:18,175:INFO:              joblib: 1.2.0
2024-11-01 20:57:18,175:INFO:             sklearn: 1.3.0
2024-11-01 20:57:18,175:INFO:                pyod: 2.0.2
2024-11-01 20:57:18,175:INFO:            imblearn: 0.10.1
2024-11-01 20:57:18,175:INFO:   category_encoders: 2.6.4
2024-11-01 20:57:18,175:INFO:            lightgbm: 4.5.0
2024-11-01 20:57:18,175:INFO:               numba: 0.57.1
2024-11-01 20:57:18,175:INFO:            requests: 2.31.0
2024-11-01 20:57:18,175:INFO:          matplotlib: 3.7.2
2024-11-01 20:57:18,175:INFO:          scikitplot: 0.3.7
2024-11-01 20:57:18,175:INFO:         yellowbrick: 1.5
2024-11-01 20:57:18,175:INFO:              plotly: 5.9.0
2024-11-01 20:57:18,175:INFO:    plotly-resampler: Not installed
2024-11-01 20:57:18,175:INFO:             kaleido: 0.2.1
2024-11-01 20:57:18,175:INFO:           schemdraw: 0.15
2024-11-01 20:57:18,175:INFO:         statsmodels: 0.14.0
2024-11-01 20:57:18,175:INFO:              sktime: 0.26.0
2024-11-01 20:57:18,175:INFO:               tbats: 1.1.3
2024-11-01 20:57:18,175:INFO:            pmdarima: 2.0.4
2024-11-01 20:57:18,175:INFO:              psutil: 5.9.0
2024-11-01 20:57:18,175:INFO:          markupsafe: 2.1.1
2024-11-01 20:57:18,175:INFO:             pickle5: Not installed
2024-11-01 20:57:18,175:INFO:         cloudpickle: 2.2.1
2024-11-01 20:57:18,175:INFO:         deprecation: 2.1.0
2024-11-01 20:57:18,175:INFO:              xxhash: 2.0.2
2024-11-01 20:57:18,175:INFO:           wurlitzer: Not installed
2024-11-01 20:57:18,175:INFO:PyCaret optional dependencies:
2024-11-01 20:57:18,250:INFO:                shap: Not installed
2024-11-01 20:57:18,250:INFO:           interpret: Not installed
2024-11-01 20:57:18,250:INFO:                umap: Not installed
2024-11-01 20:57:18,250:INFO:     ydata_profiling: Not installed
2024-11-01 20:57:18,250:INFO:  explainerdashboard: Not installed
2024-11-01 20:57:18,250:INFO:             autoviz: Not installed
2024-11-01 20:57:18,250:INFO:           fairlearn: Not installed
2024-11-01 20:57:18,250:INFO:          deepchecks: Not installed
2024-11-01 20:57:18,250:INFO:             xgboost: 2.0.2
2024-11-01 20:57:18,250:INFO:            catboost: Not installed
2024-11-01 20:57:18,250:INFO:              kmodes: Not installed
2024-11-01 20:57:18,250:INFO:             mlxtend: Not installed
2024-11-01 20:57:18,250:INFO:       statsforecast: Not installed
2024-11-01 20:57:18,250:INFO:        tune_sklearn: Not installed
2024-11-01 20:57:18,250:INFO:                 ray: Not installed
2024-11-01 20:57:18,250:INFO:            hyperopt: Not installed
2024-11-01 20:57:18,250:INFO:              optuna: Not installed
2024-11-01 20:57:18,250:INFO:               skopt: Not installed
2024-11-01 20:57:18,250:INFO:              mlflow: Not installed
2024-11-01 20:57:18,250:INFO:              gradio: Not installed
2024-11-01 20:57:18,250:INFO:             fastapi: Not installed
2024-11-01 20:57:18,250:INFO:             uvicorn: Not installed
2024-11-01 20:57:18,250:INFO:              m2cgen: Not installed
2024-11-01 20:57:18,250:INFO:           evidently: Not installed
2024-11-01 20:57:18,250:INFO:               fugue: Not installed
2024-11-01 20:57:18,250:INFO:           streamlit: Not installed
2024-11-01 20:57:18,250:INFO:             prophet: Not installed
2024-11-01 20:57:18,250:INFO:None
2024-11-01 20:57:18,250:INFO:Set up data.
2024-11-01 20:57:18,254:INFO:Set up folding strategy.
2024-11-01 20:57:18,254:INFO:Set up train/test split.
2024-11-01 20:57:18,280:INFO:Set up index.
2024-11-01 20:57:18,281:INFO:Assigning column types.
2024-11-01 20:57:18,283:INFO:Engine successfully changes for model 'lr' to 'sklearn'.
2024-11-01 20:57:18,283:INFO:Engine for model 'lasso' has not been set explicitly, hence returning None.
2024-11-01 20:57:18,286:INFO:Engine for model 'ridge' has not been set explicitly, hence returning None.
2024-11-01 20:57:18,290:INFO:Engine for model 'en' has not been set explicitly, hence returning None.
2024-11-01 20:57:18,326:INFO:Engine for model 'svm' has not been set explicitly, hence returning None.
2024-11-01 20:57:18,351:INFO:Engine for model 'knn' has not been set explicitly, hence returning None.
2024-11-01 20:57:18,352:INFO:Soft dependency imported: xgboost: 2.0.2
2024-11-01 20:57:18,353:WARNING:
'catboost' is a soft dependency and not included in the pycaret installation. Please run: `pip install catboost` to install.
Alternately, you can install this by running `pip install pycaret[models]`
2024-11-01 20:57:18,353:INFO:Engine for model 'lasso' has not been set explicitly, hence returning None.
2024-11-01 20:57:18,356:INFO:Engine for model 'ridge' has not been set explicitly, hence returning None.
2024-11-01 20:57:18,359:INFO:Engine for model 'en' has not been set explicitly, hence returning None.
2024-11-01 20:57:18,392:INFO:Engine for model 'svm' has not been set explicitly, hence returning None.
2024-11-01 20:57:18,419:INFO:Engine for model 'knn' has not been set explicitly, hence returning None.
2024-11-01 20:57:18,419:INFO:Soft dependency imported: xgboost: 2.0.2
2024-11-01 20:57:18,421:WARNING:
'catboost' is a soft dependency and not included in the pycaret installation. Please run: `pip install catboost` to install.
Alternately, you can install this by running `pip install pycaret[models]`
2024-11-01 20:57:18,421:INFO:Engine successfully changes for model 'lasso' to 'sklearn'.
2024-11-01 20:57:18,424:INFO:Engine for model 'ridge' has not been set explicitly, hence returning None.
2024-11-01 20:57:18,426:INFO:Engine for model 'en' has not been set explicitly, hence returning None.
2024-11-01 20:57:18,456:INFO:Engine for model 'svm' has not been set explicitly, hence returning None.
2024-11-01 20:57:18,482:INFO:Engine for model 'knn' has not been set explicitly, hence returning None.
2024-11-01 20:57:18,482:INFO:Soft dependency imported: xgboost: 2.0.2
2024-11-01 20:57:18,484:WARNING:
'catboost' is a soft dependency and not included in the pycaret installation. Please run: `pip install catboost` to install.
Alternately, you can install this by running `pip install pycaret[models]`
2024-11-01 20:57:18,486:INFO:Engine for model 'ridge' has not been set explicitly, hence returning None.
2024-11-01 20:57:18,489:INFO:Engine for model 'en' has not been set explicitly, hence returning None.
2024-11-01 20:57:18,521:INFO:Engine for model 'svm' has not been set explicitly, hence returning None.
2024-11-01 20:57:18,546:INFO:Engine for model 'knn' has not been set explicitly, hence returning None.
2024-11-01 20:57:18,546:INFO:Soft dependency imported: xgboost: 2.0.2
2024-11-01 20:57:18,549:WARNING:
'catboost' is a soft dependency and not included in the pycaret installation. Please run: `pip install catboost` to install.
Alternately, you can install this by running `pip install pycaret[models]`
2024-11-01 20:57:18,549:INFO:Engine successfully changes for model 'ridge' to 'sklearn'.
2024-11-01 20:57:18,554:INFO:Engine for model 'en' has not been set explicitly, hence returning None.
2024-11-01 20:57:18,586:INFO:Engine for model 'svm' has not been set explicitly, hence returning None.
2024-11-01 20:57:18,610:INFO:Engine for model 'knn' has not been set explicitly, hence returning None.
2024-11-01 20:57:18,611:INFO:Soft dependency imported: xgboost: 2.0.2
2024-11-01 20:57:18,612:WARNING:
'catboost' is a soft dependency and not included in the pycaret installation. Please run: `pip install catboost` to install.
Alternately, you can install this by running `pip install pycaret[models]`
2024-11-01 20:57:18,617:INFO:Engine for model 'en' has not been set explicitly, hence returning None.
2024-11-01 20:57:18,651:INFO:Engine for model 'svm' has not been set explicitly, hence returning None.
2024-11-01 20:57:18,676:INFO:Engine for model 'knn' has not been set explicitly, hence returning None.
2024-11-01 20:57:18,676:INFO:Soft dependency imported: xgboost: 2.0.2
2024-11-01 20:57:18,677:WARNING:
'catboost' is a soft dependency and not included in the pycaret installation. Please run: `pip install catboost` to install.
Alternately, you can install this by running `pip install pycaret[models]`
2024-11-01 20:57:18,677:INFO:Engine successfully changes for model 'en' to 'sklearn'.
2024-11-01 20:57:18,716:INFO:Engine for model 'svm' has not been set explicitly, hence returning None.
2024-11-01 20:57:18,740:INFO:Engine for model 'knn' has not been set explicitly, hence returning None.
2024-11-01 20:57:18,741:INFO:Soft dependency imported: xgboost: 2.0.2
2024-11-01 20:57:18,743:WARNING:
'catboost' is a soft dependency and not included in the pycaret installation. Please run: `pip install catboost` to install.
Alternately, you can install this by running `pip install pycaret[models]`
2024-11-01 20:57:18,781:INFO:Engine for model 'svm' has not been set explicitly, hence returning None.
2024-11-01 20:57:18,806:INFO:Engine for model 'knn' has not been set explicitly, hence returning None.
2024-11-01 20:57:18,806:INFO:Soft dependency imported: xgboost: 2.0.2
2024-11-01 20:57:18,808:WARNING:
'catboost' is a soft dependency and not included in the pycaret installation. Please run: `pip install catboost` to install.
Alternately, you can install this by running `pip install pycaret[models]`
2024-11-01 20:57:18,808:INFO:Engine successfully changes for model 'knn' to 'sklearn'.
2024-11-01 20:57:18,846:INFO:Engine for model 'svm' has not been set explicitly, hence returning None.
2024-11-01 20:57:18,872:INFO:Soft dependency imported: xgboost: 2.0.2
2024-11-01 20:57:18,874:WARNING:
'catboost' is a soft dependency and not included in the pycaret installation. Please run: `pip install catboost` to install.
Alternately, you can install this by running `pip install pycaret[models]`
2024-11-01 20:57:18,912:INFO:Engine for model 'svm' has not been set explicitly, hence returning None.
2024-11-01 20:57:18,938:INFO:Soft dependency imported: xgboost: 2.0.2
2024-11-01 20:57:18,940:WARNING:
'catboost' is a soft dependency and not included in the pycaret installation. Please run: `pip install catboost` to install.
Alternately, you can install this by running `pip install pycaret[models]`
2024-11-01 20:57:18,940:INFO:Engine successfully changes for model 'svm' to 'sklearn'.
2024-11-01 20:57:19,003:INFO:Soft dependency imported: xgboost: 2.0.2
2024-11-01 20:57:19,005:WARNING:
'catboost' is a soft dependency and not included in the pycaret installation. Please run: `pip install catboost` to install.
Alternately, you can install this by running `pip install pycaret[models]`
2024-11-01 20:57:19,068:INFO:Soft dependency imported: xgboost: 2.0.2
2024-11-01 20:57:19,069:WARNING:
'catboost' is a soft dependency and not included in the pycaret installation. Please run: `pip install catboost` to install.
Alternately, you can install this by running `pip install pycaret[models]`
2024-11-01 20:57:19,072:INFO:Preparing preprocessing pipeline...
2024-11-01 20:57:19,072:INFO:Set up simple imputation.
2024-11-01 20:57:19,074:INFO:Set up encoding of ordinal features.
2024-11-01 20:57:19,075:INFO:Set up encoding of categorical features.
2024-11-01 20:57:19,126:INFO:Finished creating preprocessing pipeline.
2024-11-01 20:57:19,145:INFO:Pipeline: Pipeline(memory=FastMemory(location=C:\Users\manue\AppData\Local\Temp\joblib),
         steps=[('numerical_imputer',
                 TransformerWrapper(include=['age', 'bmi', 'children'],
                                    transformer=SimpleImputer())),
                ('categorical_imputer',
                 TransformerWrapper(include=['sex', 'smoker', 'region'],
                                    transformer=SimpleImputer(strategy='most_frequent'))),
                ('ordinal_encoding',
                 TransformerW...
                                                                     'smoker'],
                                                               handle_missing='return_nan',
                                                               mapping=[{'col': 'sex',
                                                                         'data_type': dtype('O'),
                                                                         'mapping': female    0
male      1
NaN      -1
dtype: int64},
                                                                        {'col': 'smoker',
                                                                         'data_type': dtype('O'),
                                                                         'mapping': no     0
yes    1
NaN   -1
dtype: int64}]))),
                ('onehot_encoding',
                 TransformerWrapper(include=['region'],
                                    transformer=OneHotEncoder(cols=['region'],
                                                              handle_missing='return_nan',
                                                              use_cat_names=True)))])
2024-11-01 20:57:19,145:INFO:Creating final display dataframe.
2024-11-01 20:57:19,266:INFO:Setup _display_container:                     Description             Value
0                    Session id               123
1                        Target           charges
2                   Target type        Regression
3           Original data shape         (1338, 7)
4        Transformed data shape        (1338, 10)
5   Transformed train set shape         (936, 10)
6    Transformed test set shape         (402, 10)
7              Numeric features                 3
8          Categorical features                 3
9                    Preprocess              True
10              Imputation type            simple
11           Numeric imputation              mean
12       Categorical imputation              mode
13     Maximum one-hot encoding                25
14              Encoding method              None
15               Fold Generator             KFold
16                  Fold Number                10
17                     CPU Jobs                -1
18                      Use GPU             False
19               Log Experiment             False
20              Experiment Name  reg-default-name
21                          USI              5c6b
2024-11-01 20:57:19,337:INFO:Soft dependency imported: xgboost: 2.0.2
2024-11-01 20:57:19,338:WARNING:
'catboost' is a soft dependency and not included in the pycaret installation. Please run: `pip install catboost` to install.
Alternately, you can install this by running `pip install pycaret[models]`
2024-11-01 20:57:19,400:INFO:Soft dependency imported: xgboost: 2.0.2
2024-11-01 20:57:19,402:WARNING:
'catboost' is a soft dependency and not included in the pycaret installation. Please run: `pip install catboost` to install.
Alternately, you can install this by running `pip install pycaret[models]`
2024-11-01 20:57:19,402:INFO:setup() successfully completed in 2.17s...............
2024-11-01 20:57:19,409:INFO:Initializing create_model()
2024-11-01 20:57:19,409:INFO:create_model(self=<pycaret.regression.oop.RegressionExperiment object at 0x0000018B6DE90350>, estimator=lr, fold=None, round=4, cross_validation=True, predict=True, fit_kwargs=None, groups=None, refit=True, probability_threshold=None, experiment_custom_tags=None, verbose=True, system=True, add_to_model_list=True, metrics=None, display=None, model_only=True, return_train_score=False, error_score=0.0, kwargs={})
2024-11-01 20:57:19,409:INFO:Checking exceptions
2024-11-01 20:57:19,421:INFO:Importing libraries
2024-11-01 20:57:19,421:INFO:Copying training dataset
2024-11-01 20:57:19,424:INFO:Defining folds
2024-11-01 20:57:19,424:INFO:Declaring metric variables
2024-11-01 20:57:19,426:INFO:Importing untrained model
2024-11-01 20:57:19,430:INFO:Linear Regression Imported successfully
2024-11-01 20:57:19,434:INFO:Starting cross validation
2024-11-01 20:57:19,441:INFO:Cross validating with KFold(n_splits=10, random_state=None, shuffle=False), n_jobs=-1
2024-11-01 20:57:24,358:INFO:Calculating mean and std
2024-11-01 20:57:24,359:INFO:Creating metrics dataframe
2024-11-01 20:57:24,365:INFO:Finalizing model
2024-11-01 20:57:24,418:INFO:Uploading results into container
2024-11-01 20:57:24,419:INFO:Uploading model into container now
2024-11-01 20:57:24,427:INFO:_master_model_container: 1
2024-11-01 20:57:24,427:INFO:_display_container: 2
2024-11-01 20:57:24,428:INFO:LinearRegression(n_jobs=-1)
2024-11-01 20:57:24,428:INFO:create_model() successfully completed......................................
2024-11-01 20:57:24,535:INFO:Initializing plot_model()
2024-11-01 20:57:24,535:INFO:plot_model(self=<pycaret.regression.oop.RegressionExperiment object at 0x0000018B6DE90350>, estimator=LinearRegression(n_jobs=-1), plot=residuals, scale=1, save=False, fold=None, fit_kwargs=None, plot_kwargs=None, groups=None, feature_name=None, label=False, verbose=True, system=True, display=None, display_format=None)
2024-11-01 20:57:24,535:INFO:Checking exceptions
2024-11-01 20:57:24,537:INFO:Preloading libraries
2024-11-01 20:57:24,537:INFO:Copying training dataset
2024-11-01 20:57:24,537:INFO:Plot type: residuals
2024-11-01 20:57:24,705:INFO:Fitting Model
2024-11-01 20:57:24,714:WARNING:C:\Users\manue\AppData\Roaming\Python\Python311\site-packages\sklearn\base.py:493: UserWarning: X does not have valid feature names, but LinearRegression was fitted with feature names
  warnings.warn(

2024-11-01 20:57:24,735:INFO:Scoring test/hold-out set
2024-11-01 20:57:25,062:INFO:Visual Rendered Successfully
2024-11-01 20:57:25,143:INFO:plot_model() successfully completed......................................
2024-11-01 20:57:25,163:INFO:PyCaret RegressionExperiment
2024-11-01 20:57:25,163:INFO:Logging name: reg-default-name
2024-11-01 20:57:25,163:INFO:ML Usecase: MLUsecase.REGRESSION
2024-11-01 20:57:25,163:INFO:version 3.3.2
2024-11-01 20:57:25,163:INFO:Initializing setup()
2024-11-01 20:57:25,163:INFO:self.USI: 2a64
2024-11-01 20:57:25,163:INFO:self._variable_keys: {'memory', 'transform_target_param', '_available_plots', 'fold_generator', 'X', 'y_train', 'target_param', 'y', 'html_param', 'X_test', 'y_test', 'exp_name_log', 'log_plots_param', 'exp_id', 'seed', 'pipeline', 'logging_param', 'data', 'gpu_param', 'idx', 'fold_shuffle_param', 'gpu_n_jobs_param', 'USI', 'fold_groups_param', '_ml_usecase', 'X_train', 'n_jobs_param'}
2024-11-01 20:57:25,163:INFO:Checking environment
2024-11-01 20:57:25,163:INFO:python_version: 3.11.5
2024-11-01 20:57:25,163:INFO:python_build: ('main', 'Sep 11 2023 13:26:23')
2024-11-01 20:57:25,163:INFO:machine: AMD64
2024-11-01 20:57:25,163:INFO:platform: Windows-10-10.0.22631-SP0
2024-11-01 20:57:25,170:INFO:Memory: svmem(total=16940265472, available=2058129408, percent=87.9, used=14882136064, free=2058129408)
2024-11-01 20:57:25,170:INFO:Physical Core: 10
2024-11-01 20:57:25,170:INFO:Logical Core: 16
2024-11-01 20:57:25,170:INFO:Checking libraries
2024-11-01 20:57:25,170:INFO:System:
2024-11-01 20:57:25,170:INFO:    python: 3.11.5 | packaged by Anaconda, Inc. | (main, Sep 11 2023, 13:26:23) [MSC v.1916 64 bit (AMD64)]
2024-11-01 20:57:25,170:INFO:executable: c:\ProgramData\anaconda3\python.exe
2024-11-01 20:57:25,170:INFO:   machine: Windows-10-10.0.22631-SP0
2024-11-01 20:57:25,170:INFO:PyCaret required dependencies:
2024-11-01 20:57:25,170:INFO:                 pip: 23.2.1
2024-11-01 20:57:25,170:INFO:          setuptools: 68.0.0
2024-11-01 20:57:25,170:INFO:             pycaret: 3.3.2
2024-11-01 20:57:25,170:INFO:             IPython: 8.15.0
2024-11-01 20:57:25,170:INFO:          ipywidgets: 8.0.4
2024-11-01 20:57:25,170:INFO:                tqdm: 4.65.0
2024-11-01 20:57:25,170:INFO:               numpy: 1.24.3
2024-11-01 20:57:25,170:INFO:              pandas: 2.0.3
2024-11-01 20:57:25,170:INFO:              jinja2: 3.1.2
2024-11-01 20:57:25,171:INFO:               scipy: 1.11.1
2024-11-01 20:57:25,171:INFO:              joblib: 1.2.0
2024-11-01 20:57:25,171:INFO:             sklearn: 1.3.0
2024-11-01 20:57:25,171:INFO:                pyod: 2.0.2
2024-11-01 20:57:25,171:INFO:            imblearn: 0.10.1
2024-11-01 20:57:25,171:INFO:   category_encoders: 2.6.4
2024-11-01 20:57:25,171:INFO:            lightgbm: 4.5.0
2024-11-01 20:57:25,171:INFO:               numba: 0.57.1
2024-11-01 20:57:25,171:INFO:            requests: 2.31.0
2024-11-01 20:57:25,171:INFO:          matplotlib: 3.7.2
2024-11-01 20:57:25,171:INFO:          scikitplot: 0.3.7
2024-11-01 20:57:25,171:INFO:         yellowbrick: 1.5
2024-11-01 20:57:25,171:INFO:              plotly: 5.9.0
2024-11-01 20:57:25,171:INFO:    plotly-resampler: Not installed
2024-11-01 20:57:25,171:INFO:             kaleido: 0.2.1
2024-11-01 20:57:25,171:INFO:           schemdraw: 0.15
2024-11-01 20:57:25,171:INFO:         statsmodels: 0.14.0
2024-11-01 20:57:25,171:INFO:              sktime: 0.26.0
2024-11-01 20:57:25,171:INFO:               tbats: 1.1.3
2024-11-01 20:57:25,171:INFO:            pmdarima: 2.0.4
2024-11-01 20:57:25,171:INFO:              psutil: 5.9.0
2024-11-01 20:57:25,171:INFO:          markupsafe: 2.1.1
2024-11-01 20:57:25,171:INFO:             pickle5: Not installed
2024-11-01 20:57:25,171:INFO:         cloudpickle: 2.2.1
2024-11-01 20:57:25,171:INFO:         deprecation: 2.1.0
2024-11-01 20:57:25,171:INFO:              xxhash: 2.0.2
2024-11-01 20:57:25,171:INFO:           wurlitzer: Not installed
2024-11-01 20:57:25,171:INFO:PyCaret optional dependencies:
2024-11-01 20:57:25,171:INFO:                shap: Not installed
2024-11-01 20:57:25,171:INFO:           interpret: Not installed
2024-11-01 20:57:25,171:INFO:                umap: Not installed
2024-11-01 20:57:25,171:INFO:     ydata_profiling: Not installed
2024-11-01 20:57:25,172:INFO:  explainerdashboard: Not installed
2024-11-01 20:57:25,172:INFO:             autoviz: Not installed
2024-11-01 20:57:25,172:INFO:           fairlearn: Not installed
2024-11-01 20:57:25,172:INFO:          deepchecks: Not installed
2024-11-01 20:57:25,172:INFO:             xgboost: 2.0.2
2024-11-01 20:57:25,172:INFO:            catboost: Not installed
2024-11-01 20:57:25,172:INFO:              kmodes: Not installed
2024-11-01 20:57:25,172:INFO:             mlxtend: Not installed
2024-11-01 20:57:25,172:INFO:       statsforecast: Not installed
2024-11-01 20:57:25,172:INFO:        tune_sklearn: Not installed
2024-11-01 20:57:25,172:INFO:                 ray: Not installed
2024-11-01 20:57:25,172:INFO:            hyperopt: Not installed
2024-11-01 20:57:25,172:INFO:              optuna: Not installed
2024-11-01 20:57:25,172:INFO:               skopt: Not installed
2024-11-01 20:57:25,172:INFO:              mlflow: Not installed
2024-11-01 20:57:25,172:INFO:              gradio: Not installed
2024-11-01 20:57:25,172:INFO:             fastapi: Not installed
2024-11-01 20:57:25,172:INFO:             uvicorn: Not installed
2024-11-01 20:57:25,172:INFO:              m2cgen: Not installed
2024-11-01 20:57:25,172:INFO:           evidently: Not installed
2024-11-01 20:57:25,172:INFO:               fugue: Not installed
2024-11-01 20:57:25,172:INFO:           streamlit: Not installed
2024-11-01 20:57:25,172:INFO:             prophet: Not installed
2024-11-01 20:57:25,172:INFO:None
2024-11-01 20:57:25,172:INFO:Set up data.
2024-11-01 20:57:25,176:INFO:Set up folding strategy.
2024-11-01 20:57:25,178:INFO:Set up train/test split.
2024-11-01 20:57:25,181:INFO:Set up index.
2024-11-01 20:57:25,181:INFO:Assigning column types.
2024-11-01 20:57:25,183:INFO:Engine successfully changes for model 'lr' to 'sklearn'.
2024-11-01 20:57:25,183:INFO:Engine for model 'lasso' has not been set explicitly, hence returning None.
2024-11-01 20:57:25,186:INFO:Engine for model 'ridge' has not been set explicitly, hence returning None.
2024-11-01 20:57:25,189:INFO:Engine for model 'en' has not been set explicitly, hence returning None.
2024-11-01 20:57:25,222:INFO:Engine for model 'svm' has not been set explicitly, hence returning None.
2024-11-01 20:57:25,248:INFO:Engine for model 'knn' has not been set explicitly, hence returning None.
2024-11-01 20:57:25,248:INFO:Soft dependency imported: xgboost: 2.0.2
2024-11-01 20:57:25,250:WARNING:
'catboost' is a soft dependency and not included in the pycaret installation. Please run: `pip install catboost` to install.
Alternately, you can install this by running `pip install pycaret[models]`
2024-11-01 20:57:25,250:INFO:Engine for model 'lasso' has not been set explicitly, hence returning None.
2024-11-01 20:57:25,253:INFO:Engine for model 'ridge' has not been set explicitly, hence returning None.
2024-11-01 20:57:25,256:INFO:Engine for model 'en' has not been set explicitly, hence returning None.
2024-11-01 20:57:25,288:INFO:Engine for model 'svm' has not been set explicitly, hence returning None.
2024-11-01 20:57:25,313:INFO:Engine for model 'knn' has not been set explicitly, hence returning None.
2024-11-01 20:57:25,314:INFO:Soft dependency imported: xgboost: 2.0.2
2024-11-01 20:57:25,315:WARNING:
'catboost' is a soft dependency and not included in the pycaret installation. Please run: `pip install catboost` to install.
Alternately, you can install this by running `pip install pycaret[models]`
2024-11-01 20:57:25,315:INFO:Engine successfully changes for model 'lasso' to 'sklearn'.
2024-11-01 20:57:25,319:INFO:Engine for model 'ridge' has not been set explicitly, hence returning None.
2024-11-01 20:57:25,321:INFO:Engine for model 'en' has not been set explicitly, hence returning None.
2024-11-01 20:57:25,353:INFO:Engine for model 'svm' has not been set explicitly, hence returning None.
2024-11-01 20:57:25,378:INFO:Engine for model 'knn' has not been set explicitly, hence returning None.
2024-11-01 20:57:25,379:INFO:Soft dependency imported: xgboost: 2.0.2
2024-11-01 20:57:25,380:WARNING:
'catboost' is a soft dependency and not included in the pycaret installation. Please run: `pip install catboost` to install.
Alternately, you can install this by running `pip install pycaret[models]`
2024-11-01 20:57:25,383:INFO:Engine for model 'ridge' has not been set explicitly, hence returning None.
2024-11-01 20:57:25,386:INFO:Engine for model 'en' has not been set explicitly, hence returning None.
2024-11-01 20:57:25,418:INFO:Engine for model 'svm' has not been set explicitly, hence returning None.
2024-11-01 20:57:25,443:INFO:Engine for model 'knn' has not been set explicitly, hence returning None.
2024-11-01 20:57:25,443:INFO:Soft dependency imported: xgboost: 2.0.2
2024-11-01 20:57:25,445:WARNING:
'catboost' is a soft dependency and not included in the pycaret installation. Please run: `pip install catboost` to install.
Alternately, you can install this by running `pip install pycaret[models]`
2024-11-01 20:57:25,445:INFO:Engine successfully changes for model 'ridge' to 'sklearn'.
2024-11-01 20:57:25,451:INFO:Engine for model 'en' has not been set explicitly, hence returning None.
2024-11-01 20:57:25,482:INFO:Engine for model 'svm' has not been set explicitly, hence returning None.
2024-11-01 20:57:25,506:INFO:Engine for model 'knn' has not been set explicitly, hence returning None.
2024-11-01 20:57:25,507:INFO:Soft dependency imported: xgboost: 2.0.2
2024-11-01 20:57:25,508:WARNING:
'catboost' is a soft dependency and not included in the pycaret installation. Please run: `pip install catboost` to install.
Alternately, you can install this by running `pip install pycaret[models]`
2024-11-01 20:57:25,514:INFO:Engine for model 'en' has not been set explicitly, hence returning None.
2024-11-01 20:57:25,548:INFO:Engine for model 'svm' has not been set explicitly, hence returning None.
2024-11-01 20:57:25,573:INFO:Engine for model 'knn' has not been set explicitly, hence returning None.
2024-11-01 20:57:25,573:INFO:Soft dependency imported: xgboost: 2.0.2
2024-11-01 20:57:25,575:WARNING:
'catboost' is a soft dependency and not included in the pycaret installation. Please run: `pip install catboost` to install.
Alternately, you can install this by running `pip install pycaret[models]`
2024-11-01 20:57:25,575:INFO:Engine successfully changes for model 'en' to 'sklearn'.
2024-11-01 20:57:25,612:INFO:Engine for model 'svm' has not been set explicitly, hence returning None.
2024-11-01 20:57:25,638:INFO:Engine for model 'knn' has not been set explicitly, hence returning None.
2024-11-01 20:57:25,638:INFO:Soft dependency imported: xgboost: 2.0.2
2024-11-01 20:57:25,640:WARNING:
'catboost' is a soft dependency and not included in the pycaret installation. Please run: `pip install catboost` to install.
Alternately, you can install this by running `pip install pycaret[models]`
2024-11-01 20:57:25,677:INFO:Engine for model 'svm' has not been set explicitly, hence returning None.
2024-11-01 20:57:25,703:INFO:Engine for model 'knn' has not been set explicitly, hence returning None.
2024-11-01 20:57:25,704:INFO:Soft dependency imported: xgboost: 2.0.2
2024-11-01 20:57:25,705:WARNING:
'catboost' is a soft dependency and not included in the pycaret installation. Please run: `pip install catboost` to install.
Alternately, you can install this by running `pip install pycaret[models]`
2024-11-01 20:57:25,705:INFO:Engine successfully changes for model 'knn' to 'sklearn'.
2024-11-01 20:57:25,742:INFO:Engine for model 'svm' has not been set explicitly, hence returning None.
2024-11-01 20:57:25,768:INFO:Soft dependency imported: xgboost: 2.0.2
2024-11-01 20:57:25,769:WARNING:
'catboost' is a soft dependency and not included in the pycaret installation. Please run: `pip install catboost` to install.
Alternately, you can install this by running `pip install pycaret[models]`
2024-11-01 20:57:25,805:INFO:Engine for model 'svm' has not been set explicitly, hence returning None.
2024-11-01 20:57:25,830:INFO:Soft dependency imported: xgboost: 2.0.2
2024-11-01 20:57:25,832:WARNING:
'catboost' is a soft dependency and not included in the pycaret installation. Please run: `pip install catboost` to install.
Alternately, you can install this by running `pip install pycaret[models]`
2024-11-01 20:57:25,833:INFO:Engine successfully changes for model 'svm' to 'sklearn'.
2024-11-01 20:57:25,896:INFO:Soft dependency imported: xgboost: 2.0.2
2024-11-01 20:57:25,898:WARNING:
'catboost' is a soft dependency and not included in the pycaret installation. Please run: `pip install catboost` to install.
Alternately, you can install this by running `pip install pycaret[models]`
2024-11-01 20:57:25,964:INFO:Soft dependency imported: xgboost: 2.0.2
2024-11-01 20:57:25,966:WARNING:
'catboost' is a soft dependency and not included in the pycaret installation. Please run: `pip install catboost` to install.
Alternately, you can install this by running `pip install pycaret[models]`
2024-11-01 20:57:25,967:INFO:Preparing preprocessing pipeline...
2024-11-01 20:57:25,967:INFO:Set up simple imputation.
2024-11-01 20:57:25,969:INFO:Set up encoding of ordinal features.
2024-11-01 20:57:25,971:INFO:Set up encoding of categorical features.
2024-11-01 20:57:25,971:INFO:Set up polynomial features.
2024-11-01 20:57:25,971:INFO:Set up feature normalization.
2024-11-01 20:57:26,035:INFO:Finished creating preprocessing pipeline.
2024-11-01 20:57:26,055:INFO:Pipeline: Pipeline(memory=FastMemory(location=C:\Users\manue\AppData\Local\Temp\joblib),
         steps=[('numerical_imputer',
                 TransformerWrapper(include=['age', 'bmi', 'children'],
                                    transformer=SimpleImputer())),
                ('categorical_imputer',
                 TransformerWrapper(include=['sex', 'smoker', 'region'],
                                    transformer=SimpleImputer(strategy='most_frequent'))),
                ('ordinal_encoding',
                 TransformerW...
                                                                         'data_type': dtype('O'),
                                                                         'mapping': no     0
yes    1
NaN   -1
dtype: int64}]))),
                ('onehot_encoding',
                 TransformerWrapper(include=['region'],
                                    transformer=OneHotEncoder(cols=['region'],
                                                              handle_missing='return_nan',
                                                              use_cat_names=True))),
                ('polynomial_features',
                 TransformerWrapper(transformer=PolynomialFeatures(include_bias=False))),
                ('normalize',
                 TransformerWrapper(transformer=StandardScaler()))])
2024-11-01 20:57:26,055:INFO:Creating final display dataframe.
2024-11-01 20:57:26,205:INFO:Setup _display_container:                     Description             Value
0                    Session id               123
1                        Target           charges
2                   Target type        Regression
3           Original data shape         (1338, 7)
4        Transformed data shape        (1338, 55)
5   Transformed train set shape         (936, 55)
6    Transformed test set shape         (402, 55)
7              Numeric features                 3
8          Categorical features                 3
9                    Preprocess              True
10              Imputation type            simple
11           Numeric imputation              mean
12       Categorical imputation              mode
13     Maximum one-hot encoding                25
14              Encoding method              None
15          Polynomial features              True
16            Polynomial degree                 2
17                    Normalize              True
18             Normalize method            zscore
19               Fold Generator             KFold
20                  Fold Number                10
21                     CPU Jobs                -1
22                      Use GPU             False
23               Log Experiment             False
24              Experiment Name  reg-default-name
25                          USI              2a64
2024-11-01 20:57:26,276:INFO:Soft dependency imported: xgboost: 2.0.2
2024-11-01 20:57:26,279:WARNING:
'catboost' is a soft dependency and not included in the pycaret installation. Please run: `pip install catboost` to install.
Alternately, you can install this by running `pip install pycaret[models]`
2024-11-01 20:57:26,340:INFO:Soft dependency imported: xgboost: 2.0.2
2024-11-01 20:57:26,341:WARNING:
'catboost' is a soft dependency and not included in the pycaret installation. Please run: `pip install catboost` to install.
Alternately, you can install this by running `pip install pycaret[models]`
2024-11-01 20:57:26,342:INFO:setup() successfully completed in 1.18s...............
2024-11-01 20:57:26,350:INFO:Initializing create_model()
2024-11-01 20:57:26,351:INFO:create_model(self=<pycaret.regression.oop.RegressionExperiment object at 0x0000018B7237E7D0>, estimator=lr, fold=None, round=4, cross_validation=True, predict=True, fit_kwargs=None, groups=None, refit=True, probability_threshold=None, experiment_custom_tags=None, verbose=True, system=True, add_to_model_list=True, metrics=None, display=None, model_only=True, return_train_score=False, error_score=0.0, kwargs={})
2024-11-01 20:57:26,351:INFO:Checking exceptions
2024-11-01 20:57:26,361:INFO:Importing libraries
2024-11-01 20:57:26,361:INFO:Copying training dataset
2024-11-01 20:57:26,364:INFO:Defining folds
2024-11-01 20:57:26,364:INFO:Declaring metric variables
2024-11-01 20:57:26,366:INFO:Importing untrained model
2024-11-01 20:57:26,368:INFO:Linear Regression Imported successfully
2024-11-01 20:57:26,373:INFO:Starting cross validation
2024-11-01 20:57:26,374:INFO:Cross validating with KFold(n_splits=10, random_state=None, shuffle=False), n_jobs=-1
2024-11-01 20:57:29,899:INFO:Calculating mean and std
2024-11-01 20:57:29,900:INFO:Creating metrics dataframe
2024-11-01 20:57:29,905:INFO:Finalizing model
2024-11-01 20:57:29,955:INFO:Uploading results into container
2024-11-01 20:57:29,956:INFO:Uploading model into container now
2024-11-01 20:57:29,962:INFO:_master_model_container: 1
2024-11-01 20:57:29,963:INFO:_display_container: 2
2024-11-01 20:57:29,963:INFO:LinearRegression(n_jobs=-1)
2024-11-01 20:57:29,963:INFO:create_model() successfully completed......................................
2024-11-01 20:57:30,072:INFO:Initializing plot_model()
2024-11-01 20:57:30,072:INFO:plot_model(self=<pycaret.regression.oop.RegressionExperiment object at 0x0000018B7237E7D0>, estimator=LinearRegression(n_jobs=-1), plot=residuals, scale=1, save=False, fold=None, fit_kwargs=None, plot_kwargs=None, groups=None, feature_name=None, label=False, verbose=True, system=True, display=None, display_format=None)
2024-11-01 20:57:30,072:INFO:Checking exceptions
2024-11-01 20:57:30,074:INFO:Preloading libraries
2024-11-01 20:57:30,075:INFO:Copying training dataset
2024-11-01 20:57:30,075:INFO:Plot type: residuals
2024-11-01 20:57:30,249:INFO:Fitting Model
2024-11-01 20:57:30,249:WARNING:C:\Users\manue\AppData\Roaming\Python\Python311\site-packages\sklearn\base.py:493: UserWarning: X does not have valid feature names, but LinearRegression was fitted with feature names
  warnings.warn(

2024-11-01 20:57:30,272:INFO:Scoring test/hold-out set
2024-11-01 20:57:30,486:INFO:Visual Rendered Successfully
2024-11-01 20:57:30,571:INFO:plot_model() successfully completed......................................
2024-11-01 20:57:30,606:INFO:Initializing save_model()
2024-11-01 20:57:30,607:INFO:save_model(model=LinearRegression(n_jobs=-1), model_name=deployment_20231111, prep_pipe_=Pipeline(memory=FastMemory(location=C:\Users\manue\AppData\Local\Temp\joblib),
         steps=[('numerical_imputer',
                 TransformerWrapper(include=['age', 'bmi', 'children'],
                                    transformer=SimpleImputer())),
                ('categorical_imputer',
                 TransformerWrapper(include=['sex', 'smoker', 'region'],
                                    transformer=SimpleImputer(strategy='most_frequent'))),
                ('ordinal_encoding',
                 TransformerW...
                                                                         'data_type': dtype('O'),
                                                                         'mapping': no     0
yes    1
NaN   -1
dtype: int64}]))),
                ('onehot_encoding',
                 TransformerWrapper(include=['region'],
                                    transformer=OneHotEncoder(cols=['region'],
                                                              handle_missing='return_nan',
                                                              use_cat_names=True))),
                ('polynomial_features',
                 TransformerWrapper(transformer=PolynomialFeatures(include_bias=False))),
                ('normalize',
                 TransformerWrapper(transformer=StandardScaler()))]), verbose=True, use_case=MLUsecase.REGRESSION, kwargs={})
2024-11-01 20:57:30,607:INFO:Adding model into prep_pipe
2024-11-01 20:57:30,612:INFO:deployment_20231111.pkl saved in current working directory
2024-11-01 20:57:30,631:INFO:Pipeline(memory=Memory(location=None),
         steps=[('numerical_imputer',
                 TransformerWrapper(include=['age', 'bmi', 'children'],
                                    transformer=SimpleImputer())),
                ('categorical_imputer',
                 TransformerWrapper(include=['sex', 'smoker', 'region'],
                                    transformer=SimpleImputer(strategy='most_frequent'))),
                ('ordinal_encoding',
                 TransformerWrapper(include=['sex', 'smoker'],
                                    transfor...
                ('onehot_encoding',
                 TransformerWrapper(include=['region'],
                                    transformer=OneHotEncoder(cols=['region'],
                                                              handle_missing='return_nan',
                                                              use_cat_names=True))),
                ('polynomial_features',
                 TransformerWrapper(transformer=PolynomialFeatures(include_bias=False))),
                ('normalize', TransformerWrapper(transformer=StandardScaler())),
                ('trained_model', LinearRegression(n_jobs=-1))])
2024-11-01 20:57:30,631:INFO:save_model() successfully completed......................................
2024-11-01 20:57:30,740:INFO:Initializing load_model()
2024-11-01 20:57:30,740:INFO:load_model(model_name=deployment_20231111, platform=None, authentication=None, verbose=True)
